<?xml version="1.0" encoding="UTF-8"?>
<testng-results ignored="0" total="1" passed="1" failed="0" skipped="0">
  <reporter-output>
  </reporter-output>
  <suite started-at="2023-11-27T14:18:13 IST" name="initial test" finished-at="2023-11-27T14:18:17 IST" duration-ms="3189">
    <groups>
    </groups>
    <test started-at="2023-11-27T14:18:13 IST" name="test1" finished-at="2023-11-27T14:18:17 IST" duration-ms="3189">
      <class name="usingtestNG.TestOne">
        <test-method is-config="true" signature="setUP()[pri:0, instance:usingtestNG.TestOne@6069db50]" started-at="2023-11-27T14:18:07 IST" name="setUP" finished-at="2023-11-27T14:18:13 IST" duration-ms="6523" status="PASS">
          <reporter-output>
          </reporter-output>
        </test-method> <!-- setUP -->
        <test-method is-config="true" signature="lauchBrowser()[pri:0, instance:usingtestNG.TestOne@6069db50]" started-at="2023-11-27T14:18:13 IST" name="lauchBrowser" finished-at="2023-11-27T14:18:16 IST" duration-ms="2771" status="PASS">
          <reporter-output>
          </reporter-output>
        </test-method> <!-- lauchBrowser -->
        <test-method signature="verifyHomePage()[pri:0, instance:usingtestNG.TestOne@6069db50]" started-at="2023-11-27T14:18:16 IST" name="verifyHomePage" finished-at="2023-11-27T14:18:17 IST" duration-ms="372" status="PASS">
          <reporter-output>
          </reporter-output>
        </test-method> <!-- verifyHomePage -->
        <test-method is-config="true" signature="tearDown()[pri:0, instance:usingtestNG.TestOne@6069db50]" started-at="2023-11-27T14:18:17 IST" name="tearDown" finished-at="2023-11-27T14:18:17 IST" duration-ms="565" status="PASS">
          <reporter-output>
          </reporter-output>
        </test-method> <!-- tearDown -->
      </class> <!-- usingtestNG.TestOne -->
    </test> <!-- test1 -->
  </suite> <!-- initial test -->
</testng-results>
